2019-11-15 09:56:55.076  INFO 7456 --- [restartedMain] com.lyy.note.StartApplication            : Starting StartApplication on SF0080004198A with PID 7456 (E:\javaMyBlogs\myCloud\target\classes started by 80004198 in E:\javaMyBlogs\myCloud)
2019-11-15 09:56:55.084  INFO 7456 --- [restartedMain] com.lyy.note.StartApplication            : No active profile set, falling back to default profiles: default
2019-11-15 09:56:55.128  INFO 7456 --- [restartedMain] .e.DevToolsPropertyDefaultsPostProcessor : Devtools property defaults active! Set 'spring.devtools.add-properties' to 'false' to disable
2019-11-15 09:56:55.128  INFO 7456 --- [restartedMain] .e.DevToolsPropertyDefaultsPostProcessor : For additional web related logging consider setting the 'logging.level.web' property to 'DEBUG'
2019-11-15 09:56:56.434  INFO 7456 --- [restartedMain] .s.d.r.c.RepositoryConfigurationDelegate : Multiple Spring Data modules found, entering strict repository configuration mode!
2019-11-15 09:56:56.436  INFO 7456 --- [restartedMain] .s.d.r.c.RepositoryConfigurationDelegate : Bootstrapping Spring Data repositories in DEFAULT mode.
2019-11-15 09:56:56.470  INFO 7456 --- [restartedMain] .s.d.r.c.RepositoryConfigurationDelegate : Finished Spring Data repository scanning in 23ms. Found 0 repository interfaces.
2019-11-15 09:56:56.872  INFO 7456 --- [restartedMain] trationDelegate$BeanPostProcessorChecker : Bean 'org.springframework.transaction.annotation.ProxyTransactionManagementConfiguration' of type [org.springframework.transaction.annotation.ProxyTransactionManagementConfiguration$$EnhancerBySpringCGLIB$$dac5f8cf] is not eligible for getting processed by all BeanPostProcessors (for example: not eligible for auto-proxying)
2019-11-15 09:56:57.492  INFO 7456 --- [restartedMain] o.s.b.w.embedded.tomcat.TomcatWebServer  : Tomcat initialized with port(s): 8080 (http)
2019-11-15 09:56:57.513  INFO 7456 --- [restartedMain] o.apache.catalina.core.StandardService   : Starting service [Tomcat]
2019-11-15 09:56:57.514  INFO 7456 --- [restartedMain] org.apache.catalina.core.StandardEngine  : Starting Servlet engine: [Apache Tomcat/9.0.21]
2019-11-15 09:56:57.699  INFO 7456 --- [restartedMain] o.a.c.c.C.[Tomcat].[localhost].[/]       : Initializing Spring embedded WebApplicationContext
2019-11-15 09:56:57.699  INFO 7456 --- [restartedMain] o.s.web.context.ContextLoader            : Root WebApplicationContext: initialization completed in 2571 ms
2019-11-15 09:56:58.968  INFO 7456 --- [restartedMain] o.s.s.concurrent.ThreadPoolTaskExecutor  : Initializing ExecutorService 'applicationTaskExecutor'
2019-11-15 09:56:58.995  INFO 7456 --- [restartedMain] o.s.b.d.a.OptionalLiveReloadServer       : LiveReload server is running on port 35729
2019-11-15 09:56:59.426  INFO 7456 --- [restartedMain] d.s.w.p.DocumentationPluginsBootstrapper : Context refreshed
2019-11-15 09:56:59.447  INFO 7456 --- [restartedMain] d.s.w.p.DocumentationPluginsBootstrapper : Found 1 custom documentation plugin(s)
2019-11-15 09:56:59.455  INFO 7456 --- [restartedMain] s.d.s.w.s.ApiListingReferenceScanner     : Scanning for api listing references
2019-11-15 09:56:59.586  WARN 7456 --- [restartedMain] d.s.r.o.OperationImplicitParameterReader : Coercing to be of type string. This may not even be a scalar type in actuality
2019-11-15 09:56:59.682  INFO 7456 --- [restartedMain] o.s.b.w.embedded.tomcat.TomcatWebServer  : Tomcat started on port(s): 8080 (http) with context path ''
2019-11-15 09:56:59.685  INFO 7456 --- [restartedMain] com.lyy.note.StartApplication            : Started StartApplication in 5.026 seconds (JVM running for 5.87)
2019-11-15 09:56:59.689  INFO 7456 --- [restartedMain] com.lyy.note.StartApplication            : SpringBoot加载结束
2019-11-15 09:57:39.131  INFO 7456 --- [http-nio-8080-exec-1] o.a.c.c.C.[Tomcat].[localhost].[/]       : Initializing Spring DispatcherServlet 'dispatcherServlet'
2019-11-15 09:57:39.132  INFO 7456 --- [http-nio-8080-exec-1] o.s.web.servlet.DispatcherServlet        : Initializing Servlet 'dispatcherServlet'
2019-11-15 09:57:39.143  INFO 7456 --- [http-nio-8080-exec-1] o.s.web.servlet.DispatcherServlet        : Completed initialization in 11 ms
