# 服务端nginx配置
# For more information on configuration, see:
#   * Official English Documentation: http://nginx.org/en/docs/
#   * Official Russian Documentation: http://nginx.org/ru/docs/

user nginx;
worker_processes auto;#启动进程
error_log /var/log/nginx/error.log;#全局错误日志
pid /usr/local/nginx/logs/nginx.pid;#PID文件

# Load dynamic modules. See /usr/share/nginx/README.dynamic.
include /usr/share/nginx/modules/*.conf;

events {
    worker_connections 1024; #单个后台worker process进程的最大并发链接数 
}

http{
   #在Nginx的配置文件中指定默认的MIME type
    include mime.types;
    default_type application/octet-stream;		
#虚拟主机配置
    server {
    
		listen       80; #侦听80端口,并为默认服务,default_server只能有一个
        server_name  www.yueyangcloud.cn 49.234.219.75; #服务域名,可以有多个,用空格隔开
		error_page    404         /index.html; #将404错误页面重定向到index.html可以解决history模式访问不到页面问题
 
       location / {
        proxy_set_header Host $host;
        root  /data/www/myblogs;             #项目路径
        index /index.html;                     #指定默认文件   
        try_files $uri $uri/ /index.html;        #匹配不到任何静态资源，跳到同一个index.html
		}
		
		location /api/ { #配置后端接口api路径 设置转发
			proxy_pass  http://49.234.219.75:8080/;
			proxy_redirect default;
		
		}
		 location ~\.(css|js|png|jpg)$ {
                 root  /data/www/myblogs;
		# root  /data/www;
                 }
	}
	
	
#云文件储存地址 例如： http://49.234.219.75:666/picture/jpg/Chrysanthemum.jpg	
	 server {

                listen    666; #侦听80端口,并为默认服务,default_server只能有一个
        server_name  49.234.219.75 www.yueyangcloud.cn; #服务域名,可以有多个,用空格隔开
         
       location / {
        root  /cloudResoure;             #项目路径
               location ~\.(jpg|png|)$ {
                root /cloudResoure;#例如图片真实路径是 /cloudResoure/picture/jpg ||png ||gif 等

        	 }
		}
    }
        
 
# Settings for a TLS enabled server.
#
#    server {
#        listen       443 ssl http2 default_server;
#        listen       [::]:443 ssl http2 default_server;
#        server_name  _;
#        root         /usr/share/nginx/html;
#
#        ssl_certificate "/etc/pki/nginx/server.crt";
#        ssl_certificate_key "/etc/pki/nginx/private/server.key";
#        ssl_session_cache shared:SSL:1m;
#        ssl_session_timeout  10m;
#        ssl_ciphers HIGH:!aNULL:!MD5;
#        ssl_prefer_server_ciphers on;
#
#        # Load configuration files for the default server block.
#        include /etc/nginx/default.d/*.conf;
#
#        location / {
#        }
#
#        error_page 404 /404.html;
#            location = /40x.html {
#        }
#
#        error_page 500 502 503 504 /50x.html;
#            location = /50x.html {
#        }
#    }

}


